0 silly argv {
0 silly argv   _: [ 'ls' ],
0 silly argv   since: 'master',
0 silly argv   lernaVersion: '8.1.2',
0 silly argv   '$0': '/Users/romany.sefen/Desktop/DEV/Courses/Design_System/design-system-monorepo/node_modules/.bin/lerna'
0 silly argv }
1 notice cli v8.1.2
2 verbose packageConfigs Explicit "packages" configuration found in lerna.json. Resolving packages using the configured glob(s): ["packages/*","apps/*"]
3 verbose rootPath /Users/romany.sefen/Desktop/DEV/Courses/Design_System/design-system-monorepo
4 notice filter changed since "master"
5 silly hasTags
6 verbose hasTags false
7 info Looking for changed packages since master
8 silly checking diff packages/Design_System_2
9 error Error: Command failed with exit code 128: git diff --name-only master -- packages/Design_System_2
9 error fatal: bad revision 'master'
9 error     at makeError (/Users/romany.sefen/Desktop/DEV/Courses/Design_System/design-system-monorepo/node_modules/lerna/node_modules/execa/lib/error.js:59:11)
9 error     at module.exports.sync (/Users/romany.sefen/Desktop/DEV/Courses/Design_System/design-system-monorepo/node_modules/lerna/node_modules/execa/index.js:186:17)
9 error     at execSync (/Users/romany.sefen/Desktop/DEV/Courses/Design_System/design-system-monorepo/node_modules/lerna/dist/index.js:142:31)
9 error     at diffSinceIn (/Users/romany.sefen/Desktop/DEV/Courses/Design_System/design-system-monorepo/node_modules/lerna/dist/index.js:556:10)
9 error     at hasDiffSinceThatIsntIgnored (/Users/romany.sefen/Desktop/DEV/Courses/Design_System/design-system-monorepo/node_modules/lerna/dist/index.js:529:18)
9 error     at isCandidate (/Users/romany.sefen/Desktop/DEV/Courses/Design_System/design-system-monorepo/node_modules/lerna/dist/index.js:626:77)
9 error     at /Users/romany.sefen/Desktop/DEV/Courses/Design_System/design-system-monorepo/node_modules/lerna/dist/index.js:634:9
9 error     at Array.forEach (<anonymous>)
9 error     at collectProjects (/Users/romany.sefen/Desktop/DEV/Courses/Design_System/design-system-monorepo/node_modules/lerna/dist/index.js:633:12)
